[debug] [2022-02-20T16:50:35.423Z] ----------------------------------------------------------------------
[debug] [2022-02-20T16:50:35.427Z] Command:       C:\Program Files\nodejs\node.exe C:\Users\ASUS\AppData\Roaming\npm\node_modules\firebase-tools\lib\bin\firebase.js emulators:start
[debug] [2022-02-20T16:50:35.428Z] CLI Version:   10.2.1
[debug] [2022-02-20T16:50:35.429Z] Platform:      win32
[debug] [2022-02-20T16:50:35.429Z] Node Version:  v16.13.2
[debug] [2022-02-20T16:50:35.431Z] Time:          Sun Feb 20 2022 22:20:35 GMT+0530 (India Standard Time)
[debug] [2022-02-20T16:50:35.432Z] ----------------------------------------------------------------------
[debug] 
[debug] [2022-02-20T16:50:35.512Z] > command requires scopes: ["email","openid","https://www.googleapis.com/auth/cloudplatformprojects.readonly","https://www.googleapis.com/auth/firebase","https://www.googleapis.com/auth/cloud-platform"]
[debug] [2022-02-20T16:50:35.512Z] > authorizing via signed-in user (akhilkumargoswami_2k18se016@dtu.ac.in)
[info] i  emulators: Starting emulators: functions, hosting {"metadata":{"emulator":{"name":"hub"},"message":"Starting emulators: functions, hosting"}}
[debug] [2022-02-20T16:50:35.550Z] [hub] writing locator at C:\Users\ASUS\AppData\Local\Temp\hub-fir-4da43.json
[warn] !  functions: The following emulators are not running, calls to these services from the Functions emulator will affect production: auth, firestore, database, pubsub, storage {"metadata":{"emulator":{"name":"functions"},"message":"The following emulators are not running, calls to these services from the Functions emulator will affect production: \u001b[1mauth, firestore, database, pubsub, storage\u001b[22m"}}
[info] +  functions: Using node@16 from host. {"metadata":{"emulator":{"name":"functions"},"message":"Using node@16 from host."}}
[debug] [2022-02-20T16:50:35.580Z] defaultcredentials: writing to file C:\Users\ASUS\AppData\Roaming\firebase\akhilkumargoswami_2k18se016_dtu_ac.in_application_default_credentials.json
[debug] [2022-02-20T16:50:35.582Z] Setting GAC to C:\Users\ASUS\AppData\Roaming\firebase\akhilkumargoswami_2k18se016_dtu_ac.in_application_default_credentials.json {"metadata":{"emulator":{"name":"functions"},"message":"Setting GAC to C:\\Users\\ASUS\\AppData\\Roaming\\firebase\\akhilkumargoswami_2k18se016_dtu_ac.in_application_default_credentials.json"}}
[debug] [2022-02-20T16:50:35.587Z] >>> [apiv2][query] GET https://firebase.googleapis.com/v1beta1/projects/fir-4da43/adminSdkConfig [none]
[debug] [2022-02-20T16:50:36.362Z] <<< [apiv2][status] GET https://firebase.googleapis.com/v1beta1/projects/fir-4da43/adminSdkConfig 200
[debug] [2022-02-20T16:50:36.363Z] <<< [apiv2][body] GET https://firebase.googleapis.com/v1beta1/projects/fir-4da43/adminSdkConfig {"projectId":"fir-4da43","storageBucket":"fir-4da43.appspot.com","locationId":"us-central"}
[debug] [2022-02-20T16:50:36.407Z] >>> [apiv2][query] GET https://firebasehosting.googleapis.com/v1beta1/projects/fir-4da43/sites 
[debug] [2022-02-20T16:50:38.303Z] <<< [apiv2][status] GET https://firebasehosting.googleapis.com/v1beta1/projects/fir-4da43/sites 200
[debug] [2022-02-20T16:50:38.304Z] <<< [apiv2][body] GET https://firebasehosting.googleapis.com/v1beta1/projects/fir-4da43/sites {"sites":[{"name":"projects/490495377270/sites/fir-4da43","defaultUrl":"https://fir-4da43.web.app","appId":"1:490495377270:web:47909b003dd537a25dc457","type":"DEFAULT_SITE"}]}
[debug] [2022-02-20T16:50:38.305Z] >>> [apiv2][query] GET https://firebase.googleapis.com/v1beta1/projects/fir-4da43/webApps/1:490495377270:web:47909b003dd537a25dc457/config [none]
[debug] [2022-02-20T16:50:39.633Z] <<< [apiv2][status] GET https://firebase.googleapis.com/v1beta1/projects/fir-4da43/webApps/1:490495377270:web:47909b003dd537a25dc457/config 200
[debug] [2022-02-20T16:50:39.634Z] <<< [apiv2][body] GET https://firebase.googleapis.com/v1beta1/projects/fir-4da43/webApps/1:490495377270:web:47909b003dd537a25dc457/config {"projectId":"fir-4da43","appId":"1:490495377270:web:47909b003dd537a25dc457","storageBucket":"fir-4da43.appspot.com","locationId":"us-central","apiKey":"AIzaSyBJ-oBHL-OGa_MHPko_MhdhkVYudrUoYVw","authDomain":"fir-4da43.firebaseapp.com","messagingSenderId":"490495377270","measurementId":"G-4K44FV3B29"}
[info] i  hosting: Serving hosting files from: build {"metadata":{"emulator":{"name":"hosting"},"message":"Serving hosting files from: \u001b[1mbuild\u001b[22m"}}
[info] +  hosting: Local server: http://localhost:5000 {"metadata":{"emulator":{"name":"hosting"},"message":"Local server: \u001b[4m\u001b[1mhttp://localhost:5000\u001b[22m\u001b[24m"}}
[debug] [2022-02-20T16:50:39.687Z] Ignoring unsupported arg: auto_download {"metadata":{"emulator":{"name":"ui"},"message":"Ignoring unsupported arg: auto_download"}}
[debug] [2022-02-20T16:50:39.688Z] Ignoring unsupported arg: port {"metadata":{"emulator":{"name":"ui"},"message":"Ignoring unsupported arg: port"}}
[debug] [2022-02-20T16:50:39.688Z] Starting Emulator UI with command {"binary":"node","args":["C:\\Users\\ASUS\\.cache\\firebase\\emulators\\ui-v1.6.5\\server.bundle.js"],"optionalArgs":[],"joinArgs":false} {"metadata":{"emulator":{"name":"ui"},"message":"Starting Emulator UI with command {\"binary\":\"node\",\"args\":[\"C:\\\\Users\\\\ASUS\\\\.cache\\\\firebase\\\\emulators\\\\ui-v1.6.5\\\\server.bundle.js\"],\"optionalArgs\":[],\"joinArgs\":false}"}}
[info] i  ui: Emulator UI logging to ui-debug.log {"metadata":{"emulator":{"name":"ui"},"message":"Emulator UI logging to \u001b[1mui-debug.log\u001b[22m"}}
[debug] [2022-02-20T16:50:39.994Z] Web / API server started at localhost:4000
 {"metadata":{"emulator":{"name":"ui"},"message":"Web / API server started at localhost:4000\n"}}
[info] i  functions: Watching "F:\AMAZON\amazon-clone\functions" for Cloud Functions... {"metadata":{"emulator":{"name":"functions"},"message":"Watching \"F:\\AMAZON\\amazon-clone\\functions\" for Cloud Functions..."}}
[debug] [2022-02-20T16:50:40.277Z] Validating nodejs source
[warn] !  functions: package.json indicates an outdated version of firebase-functions.
Please upgrade using npm install --save firebase-functions@latest in your functions directory. 
[debug] [2022-02-20T16:50:46.063Z] > [functions] package.json contents: {
  "name": "functions",
  "description": "Cloud Functions for Firebase",
  "scripts": {
    "lint": "eslint .",
    "serve": "firebase emulators:start --only functions",
    "shell": "firebase functions:shell",
    "start": "npm run shell",
    "deploy": "firebase deploy --only functions",
    "logs": "firebase functions:log"
  },
  "engines": {
    "node": "16"
  },
  "main": "index.js",
  "dependencies": {
    "firebase-admin": "^9.8.0",
    "firebase-functions": "^3.14.1"
  },
  "devDependencies": {
    "eslint": "^7.6.0",
    "eslint-config-google": "^0.14.0",
    "firebase-functions-test": "^0.2.0"
  },
  "private": true
}
[debug] [2022-02-20T16:50:46.064Z] Building nodejs source
[debug] [2022-02-20T16:50:46.064Z] Analyzing nodejs backend spec
[info] +  functions[us-central1-api]: http function initialized (http://localhost:5001/fir-4da43/us-central1/api). {"metadata":{"emulator":{"name":"functions"},"message":"\u001b[1mhttp\u001b[22m function initialized (http://localhost:5001/fir-4da43/us-central1/api)."}}
[info] 
┌─────────────────────────────────────────────────────────────┐
│ ✔  All emulators ready! It is now safe to connect your app. │
│ i  View Emulator UI at http://localhost:4000                │
└─────────────────────────────────────────────────────────────┘

┌───────────┬────────────────┬─────────────────────────────────┐
│ Emulator  │ Host:Port      │ View in Emulator UI             │
├───────────┼────────────────┼─────────────────────────────────┤
│ Functions │ localhost:5001 │ http://localhost:4000/functions │
├───────────┼────────────────┼─────────────────────────────────┤
│ Hosting   │ localhost:5000 │ n/a                             │
└───────────┴────────────────┴─────────────────────────────────┘
  Emulator Hub running at localhost:4400
  Other reserved ports: 4500

Issues? Report them at https://github.com/firebase/firebase-tools/issues and attach the *-debug.log files.
 
[debug] [2022-02-20T16:51:27.392Z] [work-queue] {"queueLength":1,"workRunningCount":0}
[debug] [2022-02-20T16:51:27.392Z] [work-queue] {"queueLength":0,"workRunningCount":1}
[debug] [2022-02-20T16:51:27.393Z] Accepted request POST /fir-4da43/us-central1/api/payments/create?total=53872 --> us-central1-api
[debug] [2022-02-20T16:51:27.405Z] [worker-pool] addWorker(us-central1-api) {"metadata":{"emulator":{"name":"functions"},"message":"[worker-pool] addWorker(us-central1-api)"}}
[debug] [2022-02-20T16:51:27.406Z] [worker-pool] Adding worker with key us-central1-api, total=1 {"metadata":{"emulator":{"name":"functions"},"message":"[worker-pool] Adding worker with key us-central1-api, total=1"}}
[debug] [2022-02-20T16:51:27.406Z] [worker-pool] submitWork(triggerId=us-central1-api) {"metadata":{"emulator":{"name":"functions"},"message":"[worker-pool] submitWork(triggerId=us-central1-api)"}}
[debug] [2022-02-20T16:51:27.407Z] [worker-us-central1-api-29ed2457-4582-4c48-8d1c-ddd44108aebe]: Assigning socketPath: \\?\pipe\F:\AMAZON\amazon-clone\functions\7616 {"metadata":{"emulator":{"name":"functions"},"message":"[worker-us-central1-api-29ed2457-4582-4c48-8d1c-ddd44108aebe]: Assigning socketPath: \\\\?\\pipe\\F:\\AMAZON\\amazon-clone\\functions\\7616"}}
[debug] [2022-02-20T16:51:27.408Z] [worker-us-central1-api-29ed2457-4582-4c48-8d1c-ddd44108aebe]: BUSY {"metadata":{"emulator":{"name":"functions"},"message":"[worker-us-central1-api-29ed2457-4582-4c48-8d1c-ddd44108aebe]: BUSY"}}
[debug] [2022-02-20T16:51:29.989Z] [runtime-status] [7616] Functions runtime initialized. {"cwd":"F:\\AMAZON\\amazon-clone\\functions","node_version":"16.13.2"} {"metadata":{"emulator":{"name":"functions"},"function":{"name":"us-central1-api"},"message":"[runtime-status] [7616] Functions runtime initialized. {\"cwd\":\"F:\\\\AMAZON\\\\amazon-clone\\\\functions\",\"node_version\":\"16.13.2\"}"}}
[debug] [2022-02-20T16:51:29.990Z] [runtime-status] [7616] Disabled runtime features: undefined {"metadata":{"emulator":{"name":"functions"},"function":{"name":"us-central1-api"},"message":"[runtime-status] [7616] Disabled runtime features: undefined"}}
[debug] [2022-02-20T16:51:29.995Z] [runtime-status] [7616] Resolved module firebase-admin {"declared":true,"installed":true,"version":"9.12.0","resolution":"F:\\AMAZON\\amazon-clone\\functions\\node_modules\\firebase-admin\\lib\\index.js"} {"metadata":{"emulator":{"name":"functions"},"function":{"name":"us-central1-api"},"message":"[runtime-status] [7616] Resolved module firebase-admin {\"declared\":true,\"installed\":true,\"version\":\"9.12.0\",\"resolution\":\"F:\\\\AMAZON\\\\amazon-clone\\\\functions\\\\node_modules\\\\firebase-admin\\\\lib\\\\index.js\"}"}}
[debug] [2022-02-20T16:51:29.998Z] [runtime-status] [7616] Resolved module firebase-functions {"declared":true,"installed":true,"version":"3.18.0","resolution":"F:\\AMAZON\\amazon-clone\\functions\\node_modules\\firebase-functions\\lib\\index.js"} {"metadata":{"emulator":{"name":"functions"},"function":{"name":"us-central1-api"},"message":"[runtime-status] [7616] Resolved module firebase-functions {\"declared\":true,\"installed\":true,\"version\":\"3.18.0\",\"resolution\":\"F:\\\\AMAZON\\\\amazon-clone\\\\functions\\\\node_modules\\\\firebase-functions\\\\lib\\\\index.js\"}"}}
[debug] [2022-02-20T16:51:29.999Z] [runtime-status] [7616] Outgoing network have been stubbed. [{"name":"http","status":"mocked"},{"name":"http","status":"mocked"},{"name":"https","status":"mocked"},{"name":"https","status":"mocked"},{"name":"net","status":"mocked"}] {"metadata":{"emulator":{"name":"functions"},"function":{"name":"us-central1-api"},"message":"[runtime-status] [7616] Outgoing network have been stubbed. [{\"name\":\"http\",\"status\":\"mocked\"},{\"name\":\"http\",\"status\":\"mocked\"},{\"name\":\"https\",\"status\":\"mocked\"},{\"name\":\"https\",\"status\":\"mocked\"},{\"name\":\"net\",\"status\":\"mocked\"}]"}}
[debug] [2022-02-20T16:51:30.000Z] [runtime-status] [7616] Resolved module firebase-functions {"declared":true,"installed":true,"version":"3.18.0","resolution":"F:\\AMAZON\\amazon-clone\\functions\\node_modules\\firebase-functions\\lib\\index.js"} {"metadata":{"emulator":{"name":"functions"},"function":{"name":"us-central1-api"},"message":"[runtime-status] [7616] Resolved module firebase-functions {\"declared\":true,\"installed\":true,\"version\":\"3.18.0\",\"resolution\":\"F:\\\\AMAZON\\\\amazon-clone\\\\functions\\\\node_modules\\\\firebase-functions\\\\lib\\\\index.js\"}"}}
[debug] [2022-02-20T16:51:30.083Z] [runtime-status] [7616] Checked functions.config() {"config":{}} {"metadata":{"emulator":{"name":"functions"},"function":{"name":"us-central1-api"},"message":"[runtime-status] [7616] Checked functions.config() {\"config\":{}}"}}
[debug] [2022-02-20T16:51:30.084Z] [runtime-status] [7616] firebase-functions has been stubbed. {"functionsResolution":{"declared":true,"installed":true,"version":"3.18.0","resolution":"F:\\AMAZON\\amazon-clone\\functions\\node_modules\\firebase-functions\\lib\\index.js"}} {"metadata":{"emulator":{"name":"functions"},"function":{"name":"us-central1-api"},"message":"[runtime-status] [7616] firebase-functions has been stubbed. {\"functionsResolution\":{\"declared\":true,\"installed\":true,\"version\":\"3.18.0\",\"resolution\":\"F:\\\\AMAZON\\\\amazon-clone\\\\functions\\\\node_modules\\\\firebase-functions\\\\lib\\\\index.js\"}}"}}
[debug] [2022-02-20T16:51:30.087Z] [runtime-status] [7616] Resolved module firebase-functions {"declared":true,"installed":true,"version":"3.18.0","resolution":"F:\\AMAZON\\amazon-clone\\functions\\node_modules\\firebase-functions\\lib\\index.js"} {"metadata":{"emulator":{"name":"functions"},"function":{"name":"us-central1-api"},"message":"[runtime-status] [7616] Resolved module firebase-functions {\"declared\":true,\"installed\":true,\"version\":\"3.18.0\",\"resolution\":\"F:\\\\AMAZON\\\\amazon-clone\\\\functions\\\\node_modules\\\\firebase-functions\\\\lib\\\\index.js\"}"}}
[debug] [2022-02-20T16:51:30.089Z] [runtime-status] [7616] Resolved module firebase-admin {"declared":true,"installed":true,"version":"9.12.0","resolution":"F:\\AMAZON\\amazon-clone\\functions\\node_modules\\firebase-admin\\lib\\index.js"} {"metadata":{"emulator":{"name":"functions"},"function":{"name":"us-central1-api"},"message":"[runtime-status] [7616] Resolved module firebase-admin {\"declared\":true,\"installed\":true,\"version\":\"9.12.0\",\"resolution\":\"F:\\\\AMAZON\\\\amazon-clone\\\\functions\\\\node_modules\\\\firebase-admin\\\\lib\\\\index.js\"}"}}
[debug] [2022-02-20T16:51:30.091Z] [runtime-status] [7616] Resolved module firebase-functions {"declared":true,"installed":true,"version":"3.18.0","resolution":"F:\\AMAZON\\amazon-clone\\functions\\node_modules\\firebase-functions\\lib\\index.js"} {"metadata":{"emulator":{"name":"functions"},"function":{"name":"us-central1-api"},"message":"[runtime-status] [7616] Resolved module firebase-functions {\"declared\":true,\"installed\":true,\"version\":\"3.18.0\",\"resolution\":\"F:\\\\AMAZON\\\\amazon-clone\\\\functions\\\\node_modules\\\\firebase-functions\\\\lib\\\\index.js\"}"}}
[debug] [2022-02-20T16:51:30.092Z] [runtime-status] [7616] firebase-admin has been stubbed. {"adminResolution":{"declared":true,"installed":true,"version":"9.12.0","resolution":"F:\\AMAZON\\amazon-clone\\functions\\node_modules\\firebase-admin\\lib\\index.js"}} {"metadata":{"emulator":{"name":"functions"},"function":{"name":"us-central1-api"},"message":"[runtime-status] [7616] firebase-admin has been stubbed. {\"adminResolution\":{\"declared\":true,\"installed\":true,\"version\":\"9.12.0\",\"resolution\":\"F:\\\\AMAZON\\\\amazon-clone\\\\functions\\\\node_modules\\\\firebase-admin\\\\lib\\\\index.js\"}}"}}
[debug] [2022-02-20T16:51:30.505Z] [runtime-status] [7616] Beginning invocation function api! {"metadata":{"emulator":{"name":"functions"},"function":{"name":"us-central1-api"},"message":"[runtime-status] [7616] Beginning invocation function api!"}}
[info] i  functions: Beginning execution of "api" {"metadata":{"emulator":{"name":"functions"},"function":{"name":"us-central1-api"},"message":"Beginning execution of \"api\""}}
[debug] [2022-02-20T16:51:30.508Z] [runtime-status] [7616] Running api in signature http {"metadata":{"emulator":{"name":"functions"},"function":{"name":"us-central1-api"},"message":"[runtime-status] [7616] Running api in signature http"}}
[debug] [2022-02-20T16:51:30.522Z] [runtime-status] [7616] Attempting to listen to socketPath: \\?\pipe\F:\AMAZON\amazon-clone\functions\7616 {"metadata":{"emulator":{"name":"functions"},"function":{"name":"us-central1-api"},"message":"[runtime-status] [7616] Attempting to listen to socketPath: \\\\?\\pipe\\F:\\AMAZON\\amazon-clone\\functions\\7616"}}
[debug] [2022-02-20T16:51:30.534Z] [functions] Runtime ready! Sending request! {"metadata":{"emulator":{"name":"functions"},"message":"[functions] Runtime ready! Sending request!"}}
[debug] [2022-02-20T16:51:30.536Z] [functions] Got req.url=/fir-4da43/us-central1/api/payments/create?total=53872, mapping to path=/payments/create?total=53872 {"metadata":{"emulator":{"name":"functions"},"message":"[functions] Got req.url=/fir-4da43/us-central1/api/payments/create?total=53872, mapping to path=/payments/create?total=53872"}}
[debug] [2022-02-20T16:51:30.553Z] [runtime-status] [7616] Ephemeral server handling POST request {"metadata":{"emulator":{"name":"functions"},"function":{"name":"us-central1-api"},"message":"[runtime-status] [7616] Ephemeral server handling POST request"}}
[info] >  Payment Request Recieved BOOM!!! for this amount >>>  53872 {"user":"Payment Request Recieved BOOM!!! for this amount >>>  53872","metadata":{"emulator":{"name":"functions"},"function":{"name":"us-central1-api"},"message":"\u001b[90m> \u001b[39m Payment Request Recieved BOOM!!! for this amount >>>  53872"}}
[debug] [2022-02-20T16:51:30.594Z] [runtime-status] [7616] Ephemeral server survived. {"metadata":{"emulator":{"name":"functions"},"function":{"name":"us-central1-api"},"message":"[runtime-status] [7616] Ephemeral server survived."}}
[info] i  functions: Finished "api" in ~1s {"metadata":{"emulator":{"name":"functions"},"function":{"name":"us-central1-api"},"message":"Finished \"api\" in ~1s"}}
[debug] [2022-02-20T16:51:32.483Z] [worker-us-central1-api-29ed2457-4582-4c48-8d1c-ddd44108aebe]: IDLE {"metadata":{"emulator":{"name":"functions"},"message":"[worker-us-central1-api-29ed2457-4582-4c48-8d1c-ddd44108aebe]: IDLE"}}
[debug] [2022-02-20T16:51:32.483Z] [work-queue] {"queueLength":0,"workRunningCount":0}
[debug] [2022-02-20T16:52:19.347Z] File F:\AMAZON\amazon-clone\functions\index.js changed, reloading triggers {"metadata":{"emulator":{"name":"functions"},"message":"File F:\\AMAZON\\amazon-clone\\functions\\index.js changed, reloading triggers"}}
[debug] [2022-02-20T16:52:20.354Z] [worker-pool] Shutting down IDLE worker (us-central1-api) {"metadata":{"emulator":{"name":"functions"},"message":"[worker-pool] Shutting down IDLE worker (us-central1-api)"}}
[debug] [2022-02-20T16:52:20.355Z] [worker-us-central1-api-29ed2457-4582-4c48-8d1c-ddd44108aebe]: FINISHING {"metadata":{"emulator":{"name":"functions"},"message":"[worker-us-central1-api-29ed2457-4582-4c48-8d1c-ddd44108aebe]: FINISHING"}}
[debug] [2022-02-20T16:52:20.362Z] Validating nodejs source
[warn] !  functions: package.json indicates an outdated version of firebase-functions.
Please upgrade using npm install --save firebase-functions@latest in your functions directory. 
[debug] [2022-02-20T16:52:24.700Z] > [functions] package.json contents: {
  "name": "functions",
  "description": "Cloud Functions for Firebase",
  "scripts": {
    "lint": "eslint .",
    "serve": "firebase emulators:start --only functions",
    "shell": "firebase functions:shell",
    "start": "npm run shell",
    "deploy": "firebase deploy --only functions",
    "logs": "firebase functions:log"
  },
  "engines": {
    "node": "16"
  },
  "main": "index.js",
  "dependencies": {
    "firebase-admin": "^9.8.0",
    "firebase-functions": "^3.14.1"
  },
  "devDependencies": {
    "eslint": "^7.6.0",
    "eslint-config-google": "^0.14.0",
    "firebase-functions-test": "^0.2.0"
  },
  "private": true
}
[debug] [2022-02-20T16:52:24.700Z] Building nodejs source
[debug] [2022-02-20T16:52:24.701Z] Analyzing nodejs backend spec
[debug] [2022-02-20T16:52:24.713Z] [worker-us-central1-api-29ed2457-4582-4c48-8d1c-ddd44108aebe]: exited {"metadata":{"emulator":{"name":"functions"},"message":"[worker-us-central1-api-29ed2457-4582-4c48-8d1c-ddd44108aebe]: exited"}}
[debug] [2022-02-20T16:52:24.713Z] [worker-us-central1-api-29ed2457-4582-4c48-8d1c-ddd44108aebe]: FINISHED {"metadata":{"emulator":{"name":"functions"},"message":"[worker-us-central1-api-29ed2457-4582-4c48-8d1c-ddd44108aebe]: FINISHED"}}
[debug] [2022-02-20T16:53:05.265Z] [work-queue] {"queueLength":1,"workRunningCount":0}
[debug] [2022-02-20T16:53:05.267Z] [work-queue] {"queueLength":0,"workRunningCount":1}
[debug] [2022-02-20T16:53:05.267Z] Accepted request POST /fir-4da43/us-central1/api/payments/create?total=762318 --> us-central1-api
[debug] [2022-02-20T16:53:05.268Z] [worker-pool] Cleaned up workers for us-central1-api: 1 --> 0 {"metadata":{"emulator":{"name":"functions"},"message":"[worker-pool] Cleaned up workers for us-central1-api: 1 --> 0"}}
[debug] [2022-02-20T16:53:05.289Z] [worker-pool] addWorker(us-central1-api) {"metadata":{"emulator":{"name":"functions"},"message":"[worker-pool] addWorker(us-central1-api)"}}
[debug] [2022-02-20T16:53:05.290Z] [worker-pool] Adding worker with key us-central1-api, total=1 {"metadata":{"emulator":{"name":"functions"},"message":"[worker-pool] Adding worker with key us-central1-api, total=1"}}
[debug] [2022-02-20T16:53:05.291Z] [worker-pool] submitWork(triggerId=us-central1-api) {"metadata":{"emulator":{"name":"functions"},"message":"[worker-pool] submitWork(triggerId=us-central1-api)"}}
[debug] [2022-02-20T16:53:05.291Z] [worker-us-central1-api-1c352504-5ce7-4559-8ac9-9c02b1c619a4]: Assigning socketPath: \\?\pipe\F:\AMAZON\amazon-clone\functions\11628 {"metadata":{"emulator":{"name":"functions"},"message":"[worker-us-central1-api-1c352504-5ce7-4559-8ac9-9c02b1c619a4]: Assigning socketPath: \\\\?\\pipe\\F:\\AMAZON\\amazon-clone\\functions\\11628"}}
[debug] [2022-02-20T16:53:05.292Z] [worker-us-central1-api-1c352504-5ce7-4559-8ac9-9c02b1c619a4]: BUSY {"metadata":{"emulator":{"name":"functions"},"message":"[worker-us-central1-api-1c352504-5ce7-4559-8ac9-9c02b1c619a4]: BUSY"}}
[debug] [2022-02-20T16:53:07.636Z] [runtime-status] [11628] Functions runtime initialized. {"cwd":"F:\\AMAZON\\amazon-clone\\functions","node_version":"16.13.2"} {"metadata":{"emulator":{"name":"functions"},"function":{"name":"us-central1-api"},"message":"[runtime-status] [11628] Functions runtime initialized. {\"cwd\":\"F:\\\\AMAZON\\\\amazon-clone\\\\functions\",\"node_version\":\"16.13.2\"}"}}
[debug] [2022-02-20T16:53:07.639Z] [runtime-status] [11628] Disabled runtime features: undefined {"metadata":{"emulator":{"name":"functions"},"function":{"name":"us-central1-api"},"message":"[runtime-status] [11628] Disabled runtime features: undefined"}}
[debug] [2022-02-20T16:53:07.644Z] [runtime-status] [11628] Resolved module firebase-admin {"declared":true,"installed":true,"version":"9.12.0","resolution":"F:\\AMAZON\\amazon-clone\\functions\\node_modules\\firebase-admin\\lib\\index.js"} {"metadata":{"emulator":{"name":"functions"},"function":{"name":"us-central1-api"},"message":"[runtime-status] [11628] Resolved module firebase-admin {\"declared\":true,\"installed\":true,\"version\":\"9.12.0\",\"resolution\":\"F:\\\\AMAZON\\\\amazon-clone\\\\functions\\\\node_modules\\\\firebase-admin\\\\lib\\\\index.js\"}"}}
[debug] [2022-02-20T16:53:07.647Z] [runtime-status] [11628] Resolved module firebase-functions {"declared":true,"installed":true,"version":"3.18.0","resolution":"F:\\AMAZON\\amazon-clone\\functions\\node_modules\\firebase-functions\\lib\\index.js"} {"metadata":{"emulator":{"name":"functions"},"function":{"name":"us-central1-api"},"message":"[runtime-status] [11628] Resolved module firebase-functions {\"declared\":true,\"installed\":true,\"version\":\"3.18.0\",\"resolution\":\"F:\\\\AMAZON\\\\amazon-clone\\\\functions\\\\node_modules\\\\firebase-functions\\\\lib\\\\index.js\"}"}}
[debug] [2022-02-20T16:53:07.648Z] [runtime-status] [11628] Outgoing network have been stubbed. [{"name":"http","status":"mocked"},{"name":"http","status":"mocked"},{"name":"https","status":"mocked"},{"name":"https","status":"mocked"},{"name":"net","status":"mocked"}] {"metadata":{"emulator":{"name":"functions"},"function":{"name":"us-central1-api"},"message":"[runtime-status] [11628] Outgoing network have been stubbed. [{\"name\":\"http\",\"status\":\"mocked\"},{\"name\":\"http\",\"status\":\"mocked\"},{\"name\":\"https\",\"status\":\"mocked\"},{\"name\":\"https\",\"status\":\"mocked\"},{\"name\":\"net\",\"status\":\"mocked\"}]"}}
[debug] [2022-02-20T16:53:07.650Z] [runtime-status] [11628] Resolved module firebase-functions {"declared":true,"installed":true,"version":"3.18.0","resolution":"F:\\AMAZON\\amazon-clone\\functions\\node_modules\\firebase-functions\\lib\\index.js"} {"metadata":{"emulator":{"name":"functions"},"function":{"name":"us-central1-api"},"message":"[runtime-status] [11628] Resolved module firebase-functions {\"declared\":true,\"installed\":true,\"version\":\"3.18.0\",\"resolution\":\"F:\\\\AMAZON\\\\amazon-clone\\\\functions\\\\node_modules\\\\firebase-functions\\\\lib\\\\index.js\"}"}}
[debug] [2022-02-20T16:53:07.747Z] [runtime-status] [11628] Checked functions.config() {"config":{}} {"metadata":{"emulator":{"name":"functions"},"function":{"name":"us-central1-api"},"message":"[runtime-status] [11628] Checked functions.config() {\"config\":{}}"}}
[debug] [2022-02-20T16:53:07.747Z] [runtime-status] [11628] firebase-functions has been stubbed. {"functionsResolution":{"declared":true,"installed":true,"version":"3.18.0","resolution":"F:\\AMAZON\\amazon-clone\\functions\\node_modules\\firebase-functions\\lib\\index.js"}} {"metadata":{"emulator":{"name":"functions"},"function":{"name":"us-central1-api"},"message":"[runtime-status] [11628] firebase-functions has been stubbed. {\"functionsResolution\":{\"declared\":true,\"installed\":true,\"version\":\"3.18.0\",\"resolution\":\"F:\\\\AMAZON\\\\amazon-clone\\\\functions\\\\node_modules\\\\firebase-functions\\\\lib\\\\index.js\"}}"}}
[debug] [2022-02-20T16:53:07.750Z] [runtime-status] [11628] Resolved module firebase-functions {"declared":true,"installed":true,"version":"3.18.0","resolution":"F:\\AMAZON\\amazon-clone\\functions\\node_modules\\firebase-functions\\lib\\index.js"} {"metadata":{"emulator":{"name":"functions"},"function":{"name":"us-central1-api"},"message":"[runtime-status] [11628] Resolved module firebase-functions {\"declared\":true,\"installed\":true,\"version\":\"3.18.0\",\"resolution\":\"F:\\\\AMAZON\\\\amazon-clone\\\\functions\\\\node_modules\\\\firebase-functions\\\\lib\\\\index.js\"}"}}
[debug] [2022-02-20T16:53:07.753Z] [runtime-status] [11628] Resolved module firebase-admin {"declared":true,"installed":true,"version":"9.12.0","resolution":"F:\\AMAZON\\amazon-clone\\functions\\node_modules\\firebase-admin\\lib\\index.js"} {"metadata":{"emulator":{"name":"functions"},"function":{"name":"us-central1-api"},"message":"[runtime-status] [11628] Resolved module firebase-admin {\"declared\":true,\"installed\":true,\"version\":\"9.12.0\",\"resolution\":\"F:\\\\AMAZON\\\\amazon-clone\\\\functions\\\\node_modules\\\\firebase-admin\\\\lib\\\\index.js\"}"}}
[debug] [2022-02-20T16:53:07.754Z] [runtime-status] [11628] Resolved module firebase-functions {"declared":true,"installed":true,"version":"3.18.0","resolution":"F:\\AMAZON\\amazon-clone\\functions\\node_modules\\firebase-functions\\lib\\index.js"} {"metadata":{"emulator":{"name":"functions"},"function":{"name":"us-central1-api"},"message":"[runtime-status] [11628] Resolved module firebase-functions {\"declared\":true,\"installed\":true,\"version\":\"3.18.0\",\"resolution\":\"F:\\\\AMAZON\\\\amazon-clone\\\\functions\\\\node_modules\\\\firebase-functions\\\\lib\\\\index.js\"}"}}
[debug] [2022-02-20T16:53:07.755Z] [runtime-status] [11628] firebase-admin has been stubbed. {"adminResolution":{"declared":true,"installed":true,"version":"9.12.0","resolution":"F:\\AMAZON\\amazon-clone\\functions\\node_modules\\firebase-admin\\lib\\index.js"}} {"metadata":{"emulator":{"name":"functions"},"function":{"name":"us-central1-api"},"message":"[runtime-status] [11628] firebase-admin has been stubbed. {\"adminResolution\":{\"declared\":true,\"installed\":true,\"version\":\"9.12.0\",\"resolution\":\"F:\\\\AMAZON\\\\amazon-clone\\\\functions\\\\node_modules\\\\firebase-admin\\\\lib\\\\index.js\"}}"}}
[debug] [2022-02-20T16:53:08.052Z] [runtime-status] [11628] Beginning invocation function api! {"metadata":{"emulator":{"name":"functions"},"function":{"name":"us-central1-api"},"message":"[runtime-status] [11628] Beginning invocation function api!"}}
[info] i  functions: Beginning execution of "api" {"metadata":{"emulator":{"name":"functions"},"function":{"name":"us-central1-api"},"message":"Beginning execution of \"api\""}}
[debug] [2022-02-20T16:53:08.054Z] [runtime-status] [11628] Running api in signature http {"metadata":{"emulator":{"name":"functions"},"function":{"name":"us-central1-api"},"message":"[runtime-status] [11628] Running api in signature http"}}
[debug] [2022-02-20T16:53:08.064Z] [runtime-status] [11628] Attempting to listen to socketPath: \\?\pipe\F:\AMAZON\amazon-clone\functions\11628 {"metadata":{"emulator":{"name":"functions"},"function":{"name":"us-central1-api"},"message":"[runtime-status] [11628] Attempting to listen to socketPath: \\\\?\\pipe\\F:\\AMAZON\\amazon-clone\\functions\\11628"}}
[debug] [2022-02-20T16:53:08.074Z] [functions] Runtime ready! Sending request! {"metadata":{"emulator":{"name":"functions"},"message":"[functions] Runtime ready! Sending request!"}}
[debug] [2022-02-20T16:53:08.075Z] [functions] Got req.url=/fir-4da43/us-central1/api/payments/create?total=762318, mapping to path=/payments/create?total=762318 {"metadata":{"emulator":{"name":"functions"},"message":"[functions] Got req.url=/fir-4da43/us-central1/api/payments/create?total=762318, mapping to path=/payments/create?total=762318"}}
[debug] [2022-02-20T16:53:08.090Z] [runtime-status] [11628] Ephemeral server handling POST request {"metadata":{"emulator":{"name":"functions"},"function":{"name":"us-central1-api"},"message":"[runtime-status] [11628] Ephemeral server handling POST request"}}
[info] >  Payment Request Recieved BOOM!!! for this amount >>>  762318 {"user":"Payment Request Recieved BOOM!!! for this amount >>>  762318","metadata":{"emulator":{"name":"functions"},"function":{"name":"us-central1-api"},"message":"\u001b[90m> \u001b[39m Payment Request Recieved BOOM!!! for this amount >>>  762318"}}
[debug] [2022-02-20T16:53:08.117Z] [runtime-status] [11628] Ephemeral server survived. {"metadata":{"emulator":{"name":"functions"},"function":{"name":"us-central1-api"},"message":"[runtime-status] [11628] Ephemeral server survived."}}
[info] i  functions: Finished "api" in ~1s {"metadata":{"emulator":{"name":"functions"},"function":{"name":"us-central1-api"},"message":"Finished \"api\" in ~1s"}}
[debug] [2022-02-20T16:53:08.957Z] [worker-us-central1-api-1c352504-5ce7-4559-8ac9-9c02b1c619a4]: IDLE {"metadata":{"emulator":{"name":"functions"},"message":"[worker-us-central1-api-1c352504-5ce7-4559-8ac9-9c02b1c619a4]: IDLE"}}
[debug] [2022-02-20T16:53:08.958Z] [work-queue] {"queueLength":0,"workRunningCount":0}
[debug] [2022-02-20T16:53:18.758Z] [work-queue] {"queueLength":1,"workRunningCount":0}
[debug] [2022-02-20T16:53:18.759Z] [work-queue] {"queueLength":0,"workRunningCount":1}
[debug] [2022-02-20T16:53:18.760Z] Accepted request POST /fir-4da43/us-central1/api/payments/create?total=0 --> us-central1-api
[debug] [2022-02-20T16:53:18.760Z] [worker-pool] submitWork(triggerId=us-central1-api) {"metadata":{"emulator":{"name":"functions"},"message":"[worker-pool] submitWork(triggerId=us-central1-api)"}}
[debug] [2022-02-20T16:53:18.761Z] [worker-us-central1-api-1c352504-5ce7-4559-8ac9-9c02b1c619a4]: Assigning socketPath: \\?\pipe\F:\AMAZON\amazon-clone\functions\11628 {"metadata":{"emulator":{"name":"functions"},"message":"[worker-us-central1-api-1c352504-5ce7-4559-8ac9-9c02b1c619a4]: Assigning socketPath: \\\\?\\pipe\\F:\\AMAZON\\amazon-clone\\functions\\11628"}}
[debug] [2022-02-20T16:53:18.761Z] [worker-us-central1-api-1c352504-5ce7-4559-8ac9-9c02b1c619a4]: BUSY {"metadata":{"emulator":{"name":"functions"},"message":"[worker-us-central1-api-1c352504-5ce7-4559-8ac9-9c02b1c619a4]: BUSY"}}
[debug] [2022-02-20T16:53:18.763Z] [runtime-status] [11628] Beginning invocation function api! {"metadata":{"emulator":{"name":"functions"},"function":{"name":"us-central1-api"},"message":"[runtime-status] [11628] Beginning invocation function api!"}}
[info] i  functions: Beginning execution of "api" {"metadata":{"emulator":{"name":"functions"},"function":{"name":"us-central1-api"},"message":"Beginning execution of \"api\""}}
[debug] [2022-02-20T16:53:18.768Z] [runtime-status] [11628] Running api in signature http {"metadata":{"emulator":{"name":"functions"},"function":{"name":"us-central1-api"},"message":"[runtime-status] [11628] Running api in signature http"}}
[debug] [2022-02-20T16:53:18.769Z] [runtime-status] [11628] Attempting to listen to socketPath: \\?\pipe\F:\AMAZON\amazon-clone\functions\11628 {"metadata":{"emulator":{"name":"functions"},"function":{"name":"us-central1-api"},"message":"[runtime-status] [11628] Attempting to listen to socketPath: \\\\?\\pipe\\F:\\AMAZON\\amazon-clone\\functions\\11628"}}
[debug] [2022-02-20T16:53:18.776Z] [functions] Runtime ready! Sending request! {"metadata":{"emulator":{"name":"functions"},"message":"[functions] Runtime ready! Sending request!"}}
[debug] [2022-02-20T16:53:18.776Z] [functions] Got req.url=/fir-4da43/us-central1/api/payments/create?total=0, mapping to path=/payments/create?total=0 {"metadata":{"emulator":{"name":"functions"},"message":"[functions] Got req.url=/fir-4da43/us-central1/api/payments/create?total=0, mapping to path=/payments/create?total=0"}}
[debug] [2022-02-20T16:53:18.783Z] [runtime-status] [11628] Ephemeral server handling POST request {"metadata":{"emulator":{"name":"functions"},"function":{"name":"us-central1-api"},"message":"[runtime-status] [11628] Ephemeral server handling POST request"}}
[info] >  Payment Request Recieved BOOM!!! for this amount >>>  0 {"user":"Payment Request Recieved BOOM!!! for this amount >>>  0","metadata":{"emulator":{"name":"functions"},"function":{"name":"us-central1-api"},"message":"\u001b[90m> \u001b[39m Payment Request Recieved BOOM!!! for this amount >>>  0"}}
[debug] [2022-02-20T16:53:18.787Z] [runtime-status] [11628] Ephemeral server survived. {"metadata":{"emulator":{"name":"functions"},"function":{"name":"us-central1-api"},"message":"[runtime-status] [11628] Ephemeral server survived."}}
[info] >  F:\AMAZON\amazon-clone\node_modules\stripe\lib\Error.js:40 {"user":"F:\\AMAZON\\amazon-clone\\node_modules\\stripe\\lib\\Error.js:40\r","metadata":{"emulator":{"name":"functions"},"function":{"name":"us-central1-api"},"message":"\u001b[90m> \u001b[39m F:\\AMAZON\\amazon-clone\\node_modules\\stripe\\lib\\Error.js:40\r"}}
[info] >          return new StripeInvalidRequestError(rawStripeError); {"user":"        return new StripeInvalidRequestError(rawStripeError);\r","metadata":{"emulator":{"name":"functions"},"function":{"name":"us-central1-api"},"message":"\u001b[90m> \u001b[39m         return new StripeInvalidRequestError(rawStripeError);\r"}}
[info] >                 ^ {"user":"               ^\r","metadata":{"emulator":{"name":"functions"},"function":{"name":"us-central1-api"},"message":"\u001b[90m> \u001b[39m                ^\r"}}
[info] >   {"user":"\r","metadata":{"emulator":{"name":"functions"},"function":{"name":"us-central1-api"},"message":"\u001b[90m> \u001b[39m \r"}}
[info] >  StripeInvalidRequestError: This value must be greater than or equal to 1. {"user":"StripeInvalidRequestError: This value must be greater than or equal to 1.\r","metadata":{"emulator":{"name":"functions"},"function":{"name":"us-central1-api"},"message":"\u001b[90m> \u001b[39m StripeInvalidRequestError: This value must be greater than or equal to 1.\r"}}
[info] >      at Function.generate (F:\AMAZON\amazon-clone\node_modules\stripe\lib\Error.js:40:16) {"user":"    at Function.generate (F:\\AMAZON\\amazon-clone\\node_modules\\stripe\\lib\\Error.js:40:16)\r","metadata":{"emulator":{"name":"functions"},"function":{"name":"us-central1-api"},"message":"\u001b[90m> \u001b[39m     at Function.generate (F:\\AMAZON\\amazon-clone\\node_modules\\stripe\\lib\\Error.js:40:16)\r"}}
[info] >      at res.toJSON.then.StripeAPIError.message (F:\AMAZON\amazon-clone\node_modules\stripe\lib\StripeResource.js:220:35) {"user":"    at res.toJSON.then.StripeAPIError.message (F:\\AMAZON\\amazon-clone\\node_modules\\stripe\\lib\\StripeResource.js:220:35)\r","metadata":{"emulator":{"name":"functions"},"function":{"name":"us-central1-api"},"message":"\u001b[90m> \u001b[39m     at res.toJSON.then.StripeAPIError.message (F:\\AMAZON\\amazon-clone\\node_modules\\stripe\\lib\\StripeResource.js:220:35)\r"}}
[info] >      at processTicksAndRejections (node:internal/process/task_queues:96:5) { {"user":"    at processTicksAndRejections (node:internal/process/task_queues:96:5) {\r","metadata":{"emulator":{"name":"functions"},"function":{"name":"us-central1-api"},"message":"\u001b[90m> \u001b[39m     at processTicksAndRejections (node:internal/process/task_queues:96:5) {\r"}}
[info] >    type: 'StripeInvalidRequestError', {"user":"  type: 'StripeInvalidRequestError',\r","metadata":{"emulator":{"name":"functions"},"function":{"name":"us-central1-api"},"message":"\u001b[90m> \u001b[39m   type: 'StripeInvalidRequestError',\r"}}
[info] >    raw: { {"user":"  raw: {\r","metadata":{"emulator":{"name":"functions"},"function":{"name":"us-central1-api"},"message":"\u001b[90m> \u001b[39m   raw: {\r"}}
[info] >      code: 'parameter_invalid_integer', {"user":"    code: 'parameter_invalid_integer',\r","metadata":{"emulator":{"name":"functions"},"function":{"name":"us-central1-api"},"message":"\u001b[90m> \u001b[39m     code: 'parameter_invalid_integer',\r"}}
[info] >      doc_url: 'https://stripe.com/docs/error-codes/parameter-invalid-integer', {"user":"    doc_url: 'https://stripe.com/docs/error-codes/parameter-invalid-integer',\r","metadata":{"emulator":{"name":"functions"},"function":{"name":"us-central1-api"},"message":"\u001b[90m> \u001b[39m     doc_url: 'https://stripe.com/docs/error-codes/parameter-invalid-integer',\r"}}
[info] >      message: 'This value must be greater than or equal to 1.', {"user":"    message: 'This value must be greater than or equal to 1.',\r","metadata":{"emulator":{"name":"functions"},"function":{"name":"us-central1-api"},"message":"\u001b[90m> \u001b[39m     message: 'This value must be greater than or equal to 1.',\r"}}
[info] >      param: 'amount', {"user":"    param: 'amount',\r","metadata":{"emulator":{"name":"functions"},"function":{"name":"us-central1-api"},"message":"\u001b[90m> \u001b[39m     param: 'amount',\r"}}
[info] >      type: 'invalid_request_error', {"user":"    type: 'invalid_request_error',\r","metadata":{"emulator":{"name":"functions"},"function":{"name":"us-central1-api"},"message":"\u001b[90m> \u001b[39m     type: 'invalid_request_error',\r"}}
[info] >      headers: { {"user":"    headers: {\r","metadata":{"emulator":{"name":"functions"},"function":{"name":"us-central1-api"},"message":"\u001b[90m> \u001b[39m     headers: {\r"}}
[info] >        server: 'nginx', {"user":"      server: 'nginx',\r","metadata":{"emulator":{"name":"functions"},"function":{"name":"us-central1-api"},"message":"\u001b[90m> \u001b[39m       server: 'nginx',\r"}}
[info] >        date: 'Sun, 20 Feb 2022 16:53:18 GMT', {"user":"      date: 'Sun, 20 Feb 2022 16:53:18 GMT',\r","metadata":{"emulator":{"name":"functions"},"function":{"name":"us-central1-api"},"message":"\u001b[90m> \u001b[39m       date: 'Sun, 20 Feb 2022 16:53:18 GMT',\r"}}
[info] >        'content-type': 'application/json', {"user":"      'content-type': 'application/json',\r","metadata":{"emulator":{"name":"functions"},"function":{"name":"us-central1-api"},"message":"\u001b[90m> \u001b[39m       'content-type': 'application/json',\r"}}
[info] >        'content-length': '266', {"user":"      'content-length': '266',\r","metadata":{"emulator":{"name":"functions"},"function":{"name":"us-central1-api"},"message":"\u001b[90m> \u001b[39m       'content-length': '266',\r"}}
[info] >        connection: 'keep-alive', {"user":"      connection: 'keep-alive',\r","metadata":{"emulator":{"name":"functions"},"function":{"name":"us-central1-api"},"message":"\u001b[90m> \u001b[39m       connection: 'keep-alive',\r"}}
[info] >        'access-control-allow-credentials': 'true', {"user":"      'access-control-allow-credentials': 'true',\r","metadata":{"emulator":{"name":"functions"},"function":{"name":"us-central1-api"},"message":"\u001b[90m> \u001b[39m       'access-control-allow-credentials': 'true',\r"}}
[info] >        'access-control-allow-methods': 'GET, POST, HEAD, OPTIONS, DELETE', {"user":"      'access-control-allow-methods': 'GET, POST, HEAD, OPTIONS, DELETE',\r","metadata":{"emulator":{"name":"functions"},"function":{"name":"us-central1-api"},"message":"\u001b[90m> \u001b[39m       'access-control-allow-methods': 'GET, POST, HEAD, OPTIONS, DELETE',\r"}}
[info] >        'access-control-allow-origin': '*', {"user":"      'access-control-allow-origin': '*',\r","metadata":{"emulator":{"name":"functions"},"function":{"name":"us-central1-api"},"message":"\u001b[90m> \u001b[39m       'access-control-allow-origin': '*',\r"}}
[info] >        'access-control-expose-headers': 'Request-Id, Stripe-Manage-Version, X-Stripe-External-Auth-Required, X-Stripe-Privileged-Session-Required', {"user":"      'access-control-expose-headers': 'Request-Id, Stripe-Manage-Version, X-Stripe-External-Auth-Required, X-Stripe-Privileged-Session-Required',\r","metadata":{"emulator":{"name":"functions"},"function":{"name":"us-central1-api"},"message":"\u001b[90m> \u001b[39m       'access-control-expose-headers': 'Request-Id, Stripe-Manage-Version, X-Stripe-External-Auth-Required, X-Stripe-Privileged-Session-Required',\r"}}
[info] >        'access-control-max-age': '300', {"user":"      'access-control-max-age': '300',\r","metadata":{"emulator":{"name":"functions"},"function":{"name":"us-central1-api"},"message":"\u001b[90m> \u001b[39m       'access-control-max-age': '300',\r"}}
[info] >        'cache-control': 'no-cache, no-store', {"user":"      'cache-control': 'no-cache, no-store',\r","metadata":{"emulator":{"name":"functions"},"function":{"name":"us-central1-api"},"message":"\u001b[90m> \u001b[39m       'cache-control': 'no-cache, no-store',\r"}}
[info] >        'idempotency-key': '01ca4363-f964-4ab2-af3e-5a6f0dae244c', {"user":"      'idempotency-key': '01ca4363-f964-4ab2-af3e-5a6f0dae244c',\r","metadata":{"emulator":{"name":"functions"},"function":{"name":"us-central1-api"},"message":"\u001b[90m> \u001b[39m       'idempotency-key': '01ca4363-f964-4ab2-af3e-5a6f0dae244c',\r"}}
[info] >        'original-request': 'req_oBDFfCT9C1iV4E', {"user":"      'original-request': 'req_oBDFfCT9C1iV4E',\r","metadata":{"emulator":{"name":"functions"},"function":{"name":"us-central1-api"},"message":"\u001b[90m> \u001b[39m       'original-request': 'req_oBDFfCT9C1iV4E',\r"}}
[info] >        'request-id': 'req_oBDFfCT9C1iV4E', {"user":"      'request-id': 'req_oBDFfCT9C1iV4E',\r","metadata":{"emulator":{"name":"functions"},"function":{"name":"us-central1-api"},"message":"\u001b[90m> \u001b[39m       'request-id': 'req_oBDFfCT9C1iV4E',\r"}}
[info] >        'stripe-version': '2020-08-27', {"user":"      'stripe-version': '2020-08-27',\r","metadata":{"emulator":{"name":"functions"},"function":{"name":"us-central1-api"},"message":"\u001b[90m> \u001b[39m       'stripe-version': '2020-08-27',\r"}}
[info] >        'strict-transport-security': 'max-age=31556926; includeSubDomains; preload' {"user":"      'strict-transport-security': 'max-age=31556926; includeSubDomains; preload'\r","metadata":{"emulator":{"name":"functions"},"function":{"name":"us-central1-api"},"message":"\u001b[90m> \u001b[39m       'strict-transport-security': 'max-age=31556926; includeSubDomains; preload'\r"}}
[info] >      }, {"user":"    },\r","metadata":{"emulator":{"name":"functions"},"function":{"name":"us-central1-api"},"message":"\u001b[90m> \u001b[39m     },\r"}}
[info] >      statusCode: 400, {"user":"    statusCode: 400,\r","metadata":{"emulator":{"name":"functions"},"function":{"name":"us-central1-api"},"message":"\u001b[90m> \u001b[39m     statusCode: 400,\r"}}
[info] >      requestId: 'req_oBDFfCT9C1iV4E' {"user":"    requestId: 'req_oBDFfCT9C1iV4E'\r","metadata":{"emulator":{"name":"functions"},"function":{"name":"us-central1-api"},"message":"\u001b[90m> \u001b[39m     requestId: 'req_oBDFfCT9C1iV4E'\r"}}
[info] >    }, {"user":"  },\r","metadata":{"emulator":{"name":"functions"},"function":{"name":"us-central1-api"},"message":"\u001b[90m> \u001b[39m   },\r"}}
[info] >    rawType: 'invalid_request_error', {"user":"  rawType: 'invalid_request_error',\r","metadata":{"emulator":{"name":"functions"},"function":{"name":"us-central1-api"},"message":"\u001b[90m> \u001b[39m   rawType: 'invalid_request_error',\r"}}
[info] >    code: 'parameter_invalid_integer', {"user":"  code: 'parameter_invalid_integer',\r","metadata":{"emulator":{"name":"functions"},"function":{"name":"us-central1-api"},"message":"\u001b[90m> \u001b[39m   code: 'parameter_invalid_integer',\r"}}
[info] >    doc_url: 'https://stripe.com/docs/error-codes/parameter-invalid-integer', {"user":"  doc_url: 'https://stripe.com/docs/error-codes/parameter-invalid-integer',\r","metadata":{"emulator":{"name":"functions"},"function":{"name":"us-central1-api"},"message":"\u001b[90m> \u001b[39m   doc_url: 'https://stripe.com/docs/error-codes/parameter-invalid-integer',\r"}}
[info] >    param: 'amount', {"user":"  param: 'amount',\r","metadata":{"emulator":{"name":"functions"},"function":{"name":"us-central1-api"},"message":"\u001b[90m> \u001b[39m   param: 'amount',\r"}}
[info] >    detail: undefined, {"user":"  detail: undefined,\r","metadata":{"emulator":{"name":"functions"},"function":{"name":"us-central1-api"},"message":"\u001b[90m> \u001b[39m   detail: undefined,\r"}}
[info] >    headers: { {"user":"  headers: {\r","metadata":{"emulator":{"name":"functions"},"function":{"name":"us-central1-api"},"message":"\u001b[90m> \u001b[39m   headers: {\r"}}
[info] >      server: 'nginx', {"user":"    server: 'nginx',\r","metadata":{"emulator":{"name":"functions"},"function":{"name":"us-central1-api"},"message":"\u001b[90m> \u001b[39m     server: 'nginx',\r"}}
[info] >      date: 'Sun, 20 Feb 2022 16:53:18 GMT', {"user":"    date: 'Sun, 20 Feb 2022 16:53:18 GMT',\r","metadata":{"emulator":{"name":"functions"},"function":{"name":"us-central1-api"},"message":"\u001b[90m> \u001b[39m     date: 'Sun, 20 Feb 2022 16:53:18 GMT',\r"}}
[info] >      'content-type': 'application/json', {"user":"    'content-type': 'application/json',\r","metadata":{"emulator":{"name":"functions"},"function":{"name":"us-central1-api"},"message":"\u001b[90m> \u001b[39m     'content-type': 'application/json',\r"}}
[info] >      'content-length': '266', {"user":"    'content-length': '266',\r","metadata":{"emulator":{"name":"functions"},"function":{"name":"us-central1-api"},"message":"\u001b[90m> \u001b[39m     'content-length': '266',\r"}}
[info] >      connection: 'keep-alive', {"user":"    connection: 'keep-alive',\r","metadata":{"emulator":{"name":"functions"},"function":{"name":"us-central1-api"},"message":"\u001b[90m> \u001b[39m     connection: 'keep-alive',\r"}}
[info] >      'access-control-allow-credentials': 'true', {"user":"    'access-control-allow-credentials': 'true',\r","metadata":{"emulator":{"name":"functions"},"function":{"name":"us-central1-api"},"message":"\u001b[90m> \u001b[39m     'access-control-allow-credentials': 'true',\r"}}
[info] >      'access-control-allow-methods': 'GET, POST, HEAD, OPTIONS, DELETE', {"user":"    'access-control-allow-methods': 'GET, POST, HEAD, OPTIONS, DELETE',\r","metadata":{"emulator":{"name":"functions"},"function":{"name":"us-central1-api"},"message":"\u001b[90m> \u001b[39m     'access-control-allow-methods': 'GET, POST, HEAD, OPTIONS, DELETE',\r"}}
[info] >      'access-control-allow-origin': '*', {"user":"    'access-control-allow-origin': '*',\r","metadata":{"emulator":{"name":"functions"},"function":{"name":"us-central1-api"},"message":"\u001b[90m> \u001b[39m     'access-control-allow-origin': '*',\r"}}
[info] >      'access-control-expose-headers': 'Request-Id, Stripe-Manage-Version, X-Stripe-External-Auth-Required, X-Stripe-Privileged-Session-Required', {"user":"    'access-control-expose-headers': 'Request-Id, Stripe-Manage-Version, X-Stripe-External-Auth-Required, X-Stripe-Privileged-Session-Required',\r","metadata":{"emulator":{"name":"functions"},"function":{"name":"us-central1-api"},"message":"\u001b[90m> \u001b[39m     'access-control-expose-headers': 'Request-Id, Stripe-Manage-Version, X-Stripe-External-Auth-Required, X-Stripe-Privileged-Session-Required',\r"}}
[info] >      'access-control-max-age': '300', {"user":"    'access-control-max-age': '300',\r","metadata":{"emulator":{"name":"functions"},"function":{"name":"us-central1-api"},"message":"\u001b[90m> \u001b[39m     'access-control-max-age': '300',\r"}}
[info] >      'cache-control': 'no-cache, no-store', {"user":"    'cache-control': 'no-cache, no-store',\r","metadata":{"emulator":{"name":"functions"},"function":{"name":"us-central1-api"},"message":"\u001b[90m> \u001b[39m     'cache-control': 'no-cache, no-store',\r"}}
[info] >      'idempotency-key': '01ca4363-f964-4ab2-af3e-5a6f0dae244c', {"user":"    'idempotency-key': '01ca4363-f964-4ab2-af3e-5a6f0dae244c',\r","metadata":{"emulator":{"name":"functions"},"function":{"name":"us-central1-api"},"message":"\u001b[90m> \u001b[39m     'idempotency-key': '01ca4363-f964-4ab2-af3e-5a6f0dae244c',\r"}}
[info] >      'original-request': 'req_oBDFfCT9C1iV4E', {"user":"    'original-request': 'req_oBDFfCT9C1iV4E',\r","metadata":{"emulator":{"name":"functions"},"function":{"name":"us-central1-api"},"message":"\u001b[90m> \u001b[39m     'original-request': 'req_oBDFfCT9C1iV4E',\r"}}
[info] >      'request-id': 'req_oBDFfCT9C1iV4E', {"user":"    'request-id': 'req_oBDFfCT9C1iV4E',\r","metadata":{"emulator":{"name":"functions"},"function":{"name":"us-central1-api"},"message":"\u001b[90m> \u001b[39m     'request-id': 'req_oBDFfCT9C1iV4E',\r"}}
[info] >      'stripe-version': '2020-08-27', {"user":"    'stripe-version': '2020-08-27',\r","metadata":{"emulator":{"name":"functions"},"function":{"name":"us-central1-api"},"message":"\u001b[90m> \u001b[39m     'stripe-version': '2020-08-27',\r"}}
[info] >      'strict-transport-security': 'max-age=31556926; includeSubDomains; preload' {"user":"    'strict-transport-security': 'max-age=31556926; includeSubDomains; preload'\r","metadata":{"emulator":{"name":"functions"},"function":{"name":"us-central1-api"},"message":"\u001b[90m> \u001b[39m     'strict-transport-security': 'max-age=31556926; includeSubDomains; preload'\r"}}
[info] >    }, {"user":"  },\r","metadata":{"emulator":{"name":"functions"},"function":{"name":"us-central1-api"},"message":"\u001b[90m> \u001b[39m   },\r"}}
[info] >    requestId: 'req_oBDFfCT9C1iV4E', {"user":"  requestId: 'req_oBDFfCT9C1iV4E',\r","metadata":{"emulator":{"name":"functions"},"function":{"name":"us-central1-api"},"message":"\u001b[90m> \u001b[39m   requestId: 'req_oBDFfCT9C1iV4E',\r"}}
[info] >    statusCode: 400, {"user":"  statusCode: 400,\r","metadata":{"emulator":{"name":"functions"},"function":{"name":"us-central1-api"},"message":"\u001b[90m> \u001b[39m   statusCode: 400,\r"}}
[info] >    charge: undefined, {"user":"  charge: undefined,\r","metadata":{"emulator":{"name":"functions"},"function":{"name":"us-central1-api"},"message":"\u001b[90m> \u001b[39m   charge: undefined,\r"}}
[info] >    decline_code: undefined, {"user":"  decline_code: undefined,\r","metadata":{"emulator":{"name":"functions"},"function":{"name":"us-central1-api"},"message":"\u001b[90m> \u001b[39m   decline_code: undefined,\r"}}
[info] >    payment_intent: undefined, {"user":"  payment_intent: undefined,\r","metadata":{"emulator":{"name":"functions"},"function":{"name":"us-central1-api"},"message":"\u001b[90m> \u001b[39m   payment_intent: undefined,\r"}}
[info] >    payment_method: undefined, {"user":"  payment_method: undefined,\r","metadata":{"emulator":{"name":"functions"},"function":{"name":"us-central1-api"},"message":"\u001b[90m> \u001b[39m   payment_method: undefined,\r"}}
[info] >    payment_method_type: undefined, {"user":"  payment_method_type: undefined,\r","metadata":{"emulator":{"name":"functions"},"function":{"name":"us-central1-api"},"message":"\u001b[90m> \u001b[39m   payment_method_type: undefined,\r"}}
[info] >    setup_intent: undefined, {"user":"  setup_intent: undefined,\r","metadata":{"emulator":{"name":"functions"},"function":{"name":"us-central1-api"},"message":"\u001b[90m> \u001b[39m   setup_intent: undefined,\r"}}
[info] >    source: undefined {"user":"  source: undefined\r","metadata":{"emulator":{"name":"functions"},"function":{"name":"us-central1-api"},"message":"\u001b[90m> \u001b[39m   source: undefined\r"}}
[info] >  } {"user":"}\r","metadata":{"emulator":{"name":"functions"},"function":{"name":"us-central1-api"},"message":"\u001b[90m> \u001b[39m }\r"}}
[debug] [2022-02-20T16:53:19.751Z] [worker-us-central1-api-1c352504-5ce7-4559-8ac9-9c02b1c619a4]: exited {"metadata":{"emulator":{"name":"functions"},"message":"[worker-us-central1-api-1c352504-5ce7-4559-8ac9-9c02b1c619a4]: exited"}}
[debug] [2022-02-20T16:53:19.752Z] [worker-us-central1-api-1c352504-5ce7-4559-8ac9-9c02b1c619a4]: FINISHED {"metadata":{"emulator":{"name":"functions"},"message":"[worker-us-central1-api-1c352504-5ce7-4559-8ac9-9c02b1c619a4]: FINISHED"}}
[debug] [2022-02-20T16:53:19.752Z] [work-queue] {"queueLength":0,"workRunningCount":0}
[debug] [2022-02-20T16:54:26.759Z] Received signal SIGHUP 1
